2025-06-25 13:36:30,013 DEBUG    root            Loaded Command Group: ['gcloud', 'components']
2025-06-25 13:36:30,015 DEBUG    root            Loaded Command Group: ['gcloud', 'components', 'update']
2025-06-25 13:36:30,017 DEBUG    root            Running [gcloud.components.update] with arguments: [--quiet: "True", COMPONENT-IDS:8: "['gcloud', 'core', 'bq', 'gsutil', 'compute', 'preview', 'alpha', 'beta']"]
2025-06-25 13:36:30,018 INFO     ___FILE_ONLY___ Beginning update. This process may take several minutes.

2025-06-25 13:36:30,027 DEBUG    urllib3.connectionpool Starting new HTTPS connection (1): dl.google.com:443
2025-06-25 13:36:30,151 DEBUG    urllib3.connectionpool https://dl.google.com:443 "GET /dl/cloudsdk/channels/rapid/components-2.json HTTP/11" 200 239798
2025-06-25 13:36:30,165 WARNING  root            Component [compute] no longer exists.
2025-06-25 13:36:30,166 INFO     ___FILE_ONLY___ 

2025-06-25 13:36:30,167 INFO     ___FILE_ONLY___ 
Your current Google Cloud CLI version is: 528.0.0

2025-06-25 13:36:30,167 INFO     ___FILE_ONLY___ Installing components from version: 528.0.0

2025-06-25 13:36:30,167 INFO     ___FILE_ONLY___ 

2025-06-25 13:36:30,167 DEBUG    root            Chosen display Format:table[box,title="These components will be removed."](details.display_name:label=Name:align=left,version.version_string:label=Version:align=right,data.size.size(zero="",min=1048576):label=Size:align=right)
2025-06-25 13:36:30,168 DEBUG    root            Chosen display Format:table[box,title="These components will be updated."](details.display_name:label=Name:align=left,version.version_string:label=Version:align=right,data.size.size(zero="",min=1048576):label=Size:align=right)
2025-06-25 13:36:30,168 DEBUG    root            Chosen display Format:table[box,title="These components will be installed."](details.display_name:label=Name:align=left,version.version_string:label=Version:align=right,data.size.size(zero="",min=1048576):label=Size:align=right)
2025-06-25 13:36:30,183 INFO     ___FILE_ONLY___ ┌────────────────────────────────────────────────┐
2025-06-25 13:36:30,183 INFO     ___FILE_ONLY___ 

2025-06-25 13:36:30,184 INFO     ___FILE_ONLY___ │      These components will be installed.       │
2025-06-25 13:36:30,184 INFO     ___FILE_ONLY___ 

2025-06-25 13:36:30,184 INFO     ___FILE_ONLY___ ├─────────────────────────┬────────────┬─────────┤
2025-06-25 13:36:30,184 INFO     ___FILE_ONLY___ 

2025-06-25 13:36:30,184 INFO     ___FILE_ONLY___ │           Name          │  Version   │   Size  │
2025-06-25 13:36:30,184 INFO     ___FILE_ONLY___ 

2025-06-25 13:36:30,184 INFO     ___FILE_ONLY___ ├─────────────────────────┼────────────┼─────────┤
2025-06-25 13:36:30,184 INFO     ___FILE_ONLY___ 

2025-06-25 13:36:30,184 INFO     ___FILE_ONLY___ │ 
2025-06-25 13:36:30,184 INFO     ___FILE_ONLY___ gcloud Alpha Commands  
2025-06-25 13:36:30,184 INFO     ___FILE_ONLY___  
2025-06-25 13:36:30,184 INFO     ___FILE_ONLY___ │ 
2025-06-25 13:36:30,184 INFO     ___FILE_ONLY___ 2025.06.20
2025-06-25 13:36:30,185 INFO     ___FILE_ONLY___  
2025-06-25 13:36:30,185 INFO     ___FILE_ONLY___ │ 
2025-06-25 13:36:30,185 INFO     ___FILE_ONLY___ < 1 MiB
2025-06-25 13:36:30,185 INFO     ___FILE_ONLY___  
2025-06-25 13:36:30,185 INFO     ___FILE_ONLY___ │
2025-06-25 13:36:30,185 INFO     ___FILE_ONLY___ 

2025-06-25 13:36:30,185 INFO     ___FILE_ONLY___ │ 
2025-06-25 13:36:30,185 INFO     ___FILE_ONLY___ gcloud Beta Commands   
2025-06-25 13:36:30,185 INFO     ___FILE_ONLY___  
2025-06-25 13:36:30,185 INFO     ___FILE_ONLY___ │ 
2025-06-25 13:36:30,185 INFO     ___FILE_ONLY___ 2025.06.20
2025-06-25 13:36:30,185 INFO     ___FILE_ONLY___  
2025-06-25 13:36:30,186 INFO     ___FILE_ONLY___ │ 
2025-06-25 13:36:30,186 INFO     ___FILE_ONLY___ < 1 MiB
2025-06-25 13:36:30,186 INFO     ___FILE_ONLY___  
2025-06-25 13:36:30,186 INFO     ___FILE_ONLY___ │
2025-06-25 13:36:30,186 INFO     ___FILE_ONLY___ 

2025-06-25 13:36:30,186 INFO     ___FILE_ONLY___ │ 
2025-06-25 13:36:30,186 INFO     ___FILE_ONLY___ gcloud Preview Commands
2025-06-25 13:36:30,186 INFO     ___FILE_ONLY___  
2025-06-25 13:36:30,186 INFO     ___FILE_ONLY___ │ 
2025-06-25 13:36:30,186 INFO     ___FILE_ONLY___           
2025-06-25 13:36:30,186 INFO     ___FILE_ONLY___  
2025-06-25 13:36:30,186 INFO     ___FILE_ONLY___ │ 
2025-06-25 13:36:30,186 INFO     ___FILE_ONLY___ < 1 MiB
2025-06-25 13:36:30,187 INFO     ___FILE_ONLY___  
2025-06-25 13:36:30,187 INFO     ___FILE_ONLY___ │
2025-06-25 13:36:30,187 INFO     ___FILE_ONLY___ 

2025-06-25 13:36:30,187 INFO     ___FILE_ONLY___ └─────────────────────────┴────────────┴─────────┘
2025-06-25 13:36:30,187 INFO     ___FILE_ONLY___ 

2025-06-25 13:36:30,187 INFO     ___FILE_ONLY___ 

2025-06-25 13:36:30,191 DEBUG    urllib3.connectionpool Starting new HTTPS connection (1): dl.google.com:443
2025-06-25 13:36:30,316 DEBUG    urllib3.connectionpool https://dl.google.com:443 "GET /dl/cloudsdk/channels/rapid/RELEASE_NOTES HTTP/11" 200 1437360
2025-06-25 13:36:30,781 INFO     ___FILE_ONLY___ For the latest full release notes, please visit:
  https://cloud.google.com/sdk/release_notes


2025-06-25 13:36:30,782 INFO     ___FILE_ONLY___ Performing in place update...


2025-06-25 13:36:30,784 INFO     ___FILE_ONLY___ ╔════════════════════════════════════════════════════════════╗

2025-06-25 13:36:30,784 INFO     ___FILE_ONLY___ ╠═ Downloading: gcloud Alpha Commands                       ═╣

2025-06-25 13:36:30,784 INFO     ___FILE_ONLY___ ╚
2025-06-25 13:36:30,788 DEBUG    urllib3.connectionpool Starting new HTTPS connection (1): dl.google.com:443
2025-06-25 13:36:30,884 DEBUG    urllib3.connectionpool https://dl.google.com:443 "GET /dl/cloudsdk/channels/rapid/components/google-cloud-sdk-alpha-20250620144631.tar.gz HTTP/11" 200 800
2025-06-25 13:36:30,884 INFO     ___FILE_ONLY___ ════════════════════════════════════════════════════════════
2025-06-25 13:36:30,884 INFO     ___FILE_ONLY___ ╝

2025-06-25 13:36:30,887 INFO     ___FILE_ONLY___ ╔════════════════════════════════════════════════════════════╗

2025-06-25 13:36:30,887 INFO     ___FILE_ONLY___ ╠═ Downloading: gcloud Beta Commands                        ═╣

2025-06-25 13:36:30,887 INFO     ___FILE_ONLY___ ╚
2025-06-25 13:36:30,890 DEBUG    urllib3.connectionpool Starting new HTTPS connection (1): dl.google.com:443
2025-06-25 13:36:31,066 DEBUG    urllib3.connectionpool https://dl.google.com:443 "GET /dl/cloudsdk/channels/rapid/components/google-cloud-sdk-beta-20250620144631.tar.gz HTTP/11" 200 797
2025-06-25 13:36:31,067 INFO     ___FILE_ONLY___ ════════════════════════════════════════════════════════════
2025-06-25 13:36:31,067 INFO     ___FILE_ONLY___ ╝

2025-06-25 13:36:31,069 INFO     ___FILE_ONLY___ ╔════════════════════════════════════════════════════════════╗

2025-06-25 13:36:31,069 INFO     ___FILE_ONLY___ ╠═ Downloading: gcloud Preview Commands                     ═╣

2025-06-25 13:36:31,069 INFO     ___FILE_ONLY___ ╚
2025-06-25 13:36:31,072 DEBUG    urllib3.connectionpool Starting new HTTPS connection (1): dl.google.com:443
2025-06-25 13:36:31,273 DEBUG    urllib3.connectionpool https://dl.google.com:443 "GET /dl/cloudsdk/channels/rapid/components/google-cloud-sdk-preview-20241115154308.tar.gz HTTP/11" 200 823
2025-06-25 13:36:31,273 INFO     ___FILE_ONLY___ ════════════════════════════════════════════════════════════
2025-06-25 13:36:31,273 INFO     ___FILE_ONLY___ ╝

2025-06-25 13:36:31,276 INFO     ___FILE_ONLY___ ╔════════════════════════════════════════════════════════════╗

2025-06-25 13:36:31,276 INFO     ___FILE_ONLY___ ╠═ Installing: gcloud Alpha Commands                        ═╣

2025-06-25 13:36:31,276 INFO     ___FILE_ONLY___ ╚
2025-06-25 13:36:31,277 INFO     ___FILE_ONLY___ ════════════════════════════════════════════════════════════
2025-06-25 13:36:31,277 INFO     ___FILE_ONLY___ ╝

2025-06-25 13:36:31,283 INFO     ___FILE_ONLY___ ╔════════════════════════════════════════════════════════════╗

2025-06-25 13:36:31,283 INFO     ___FILE_ONLY___ ╠═ Installing: gcloud Beta Commands                         ═╣

2025-06-25 13:36:31,283 INFO     ___FILE_ONLY___ ╚
2025-06-25 13:36:31,284 INFO     ___FILE_ONLY___ ════════════════════════════════════════════════════════════
2025-06-25 13:36:31,284 INFO     ___FILE_ONLY___ ╝

2025-06-25 13:36:31,289 INFO     ___FILE_ONLY___ ╔════════════════════════════════════════════════════════════╗

2025-06-25 13:36:31,289 INFO     ___FILE_ONLY___ ╠═ Installing: gcloud Preview Commands                      ═╣

2025-06-25 13:36:31,289 INFO     ___FILE_ONLY___ ╚
2025-06-25 13:36:31,289 INFO     ___FILE_ONLY___ ════════════════════════════════════════════════════════════
2025-06-25 13:36:31,290 INFO     ___FILE_ONLY___ ╝

2025-06-25 13:36:31,295 DEBUG    root            Updating notification cache...
2025-06-25 13:36:31,295 INFO     ___FILE_ONLY___ 

2025-06-25 13:36:31,297 INFO     ___FILE_ONLY___ Performing post processing steps...
2025-06-25 13:36:31,297 DEBUG    root            Executing command: ['/tools/google-cloud-sdk/bin/gcloud', 'components', 'post-process']
2025-06-25 13:36:39,967 DEBUG    ___FILE_ONLY___ 
2025-06-25 13:36:39,967 DEBUG    ___FILE_ONLY___ 
2025-06-25 13:36:40,058 INFO     root            descriptor_list: [{'universeDomain': 'googleapis.com', 'universeShortName': '', 'authenticationDomain': 'auth.cloud.google.com', 'projectPrefix': '', 'cloudWebDomain': 'cloud.google.com', 'documentationDomain': 'cloud.google.com', 'version': '1.0.0', 'state': 'primary', 'artifactRegistryDomain': 'pkg.dev'}]
2025-06-25 13:36:40,059 INFO     ___FILE_ONLY___ 
Update done!


2025-06-25 13:36:40,062 DEBUG    root            Chosen display Format:none
2025-06-25 13:36:40,062 INFO     root            Display format: "none"
